{"total": {"lines":{"total":88,"covered":80,"skipped":0,"pct":90.9},"statements":{"total":88,"covered":80,"skipped":0,"pct":90.9},"functions":{"total":5,"covered":4,"skipped":0,"pct":80},"branches":{"total":5,"covered":5,"skipped":0,"pct":100},"branchesTrue":{"total":0,"covered":0,"skipped":0,"pct":100}}
,"/Users/chrisratsabout/Desktop/desktop-files/vite-deploy-2/src/App.tsx": {"lines":{"total":39,"covered":39,"skipped":0,"pct":100},"functions":{"total":2,"covered":2,"skipped":0,"pct":100},"statements":{"total":39,"covered":39,"skipped":0,"pct":100},"branches":{"total":3,"covered":3,"skipped":0,"pct":100}}
,"/Users/chrisratsabout/Desktop/desktop-files/vite-deploy-2/src/components/form-input.tsx": {"lines":{"total":6,"covered":6,"skipped":0,"pct":100},"functions":{"total":0,"covered":0,"skipped":0,"pct":100},"statements":{"total":6,"covered":6,"skipped":0,"pct":100},"branches":{"total":0,"covered":0,"skipped":0,"pct":100}}
,"/Users/chrisratsabout/Desktop/desktop-files/vite-deploy-2/src/components/form.tsx": {"lines":{"total":43,"covered":35,"skipped":0,"pct":81.39},"functions":{"total":3,"covered":2,"skipped":0,"pct":66.66},"statements":{"total":43,"covered":35,"skipped":0,"pct":81.39},"branches":{"total":2,"covered":2,"skipped":0,"pct":100}}
}
